[00:03:43] [ServerMain/INFO]: Environment: Environment[sessionHost=https://sessionserver.mojang.com, servicesHost=https://api.minecraftservices.com, profilesHost=https://api.mojang.com, name=PROD]
[00:03:45] [ServerMain/INFO]: Loaded 1470 recipes
[00:03:45] [ServerMain/INFO]: Loaded 1584 advancements
[00:03:45] [Server thread/INFO]: Starting minecraft server version 1.21.11
[00:03:45] [Server thread/INFO]: Loading properties
[00:03:45] [Server thread/INFO]: Default game type: SURVIVAL
[00:03:45] [Server thread/INFO]: Generating keypair
[00:03:45] [Server thread/INFO]: Starting Minecraft server on *:25565
[00:03:45] [Server thread/WARN]: **** SERVER IS RUNNING IN OFFLINE/INSECURE MODE!
[00:03:45] [Server thread/WARN]: The server will make no attempt to authenticate usernames. Beware.
[00:03:45] [Server thread/WARN]: While this makes the game possible to play without internet access, it also opens up the ability for hackers to connect with any username they choose.
[00:03:45] [Server thread/WARN]: To change this, set "online-mode" to "true" in the server.properties file.
[00:03:45] [Server thread/INFO]: Preparing level "world"
[00:03:46] [Server thread/INFO]: Loading 0 persistent chunks...
[00:03:46] [Server thread/INFO]: Preparing spawn area: 100%
[00:03:46] [Server thread/INFO]: Time elapsed: 18 ms
[00:03:46] [Server thread/INFO]: Done (0.439s)! For help, type "help"
[00:03:51] [Server thread/INFO]: hoa_xd[/10.242.148.126:63917] logged in with entity id 20 at (-6993.803012105295, 67.0, -1605.789248289763)
[00:03:51] [Server thread/INFO]: hoa_xd joined the game
[00:04:35] [Server thread/INFO]: UPFUTX_300[/10.242.149.228:51769] logged in with entity id 908 at (2323.772367727713, 62.0, -207.91359007277867)
[00:04:35] [Server thread/INFO]: UPFUTX_300 joined the game
[00:07:22] [Server thread/INFO]: [Not Secure] <UPFUTX_300> y tai?
[00:07:28] [Server thread/INFO]: [Not Secure] <hoa_xd> nose
[00:07:33] [Server thread/INFO]: [Not Secure] <UPFUTX_300> lol
[00:08:53] [Server thread/INFO]: hoa_xd lost connection: Disconnected
[00:08:53] [Server thread/INFO]: hoa_xd left the game
[00:09:17] [Server thread/INFO]: hoa_xd[/10.242.148.126:64149] logged in with entity id 3260 at (-7012.983210200325, 66.0, -1597.699999988079)
[00:09:17] [Server thread/INFO]: hoa_xd joined the game
[00:11:41] [Server thread/INFO]: hoa_xd lost connection: Disconnected
[00:11:41] [Server thread/INFO]: hoa_xd left the game
[00:11:44] [Server thread/INFO]: hoa_xd[/10.242.148.126:64251] logged in with entity id 5001 at (-6991.500680672695, 68.0, -1558.1400126487467)
[00:11:44] [Server thread/INFO]: hoa_xd joined the game
[00:13:43] [Server thread/INFO]: [Not Secure] [Server] asd
[00:15:29] [Server thread/INFO]: hoa_xd lost connection: Timed out
[00:15:29] [Server thread/INFO]: hoa_xd left the game
[00:15:34] [Server thread/INFO]: hoa_xd[/10.242.148.126:64409] logged in with entity id 7323 at (-6995.300000011921, 67.0, -1625.9320548645564)
[00:15:34] [Server thread/INFO]: hoa_xd joined the game
[00:17:39] [Server thread/INFO]: [Not Secure] <hoa_xd> zzz?
[00:17:42] [Server thread/INFO]: [Not Secure] <UPFUTX_300> voy
[00:23:26] [Server thread/WARN]: Mismatch in destroy block pos: is{x=-7000, y=67, z=-1571} is{x=-7000, y=66, z=-1570}
[00:29:46] [Server thread/INFO]: [Not Secure] [Server] asd
[00:34:48] [Server thread/INFO]: hoa_xd has made the advancement [A Seedy Place]
[00:34:55] [Server thread/INFO]: [Not Secure] <UPFUTX_300> ekside
[00:35:01] [Server thread/INFO]: [Not Secure] <hoa_xd> ndetavy
[00:47:33] [Server thread/INFO]: [Not Secure] <UPFUTX_300> voi
[00:49:00] [Server thread/INFO]: Villager dcx['Farmer'/7315, l='ServerLevel[world]', x=-7014.49, y=71.94, z=-1610.70] died, message: 'Farmer was slain by hoa_xd'
[00:54:07] [Server thread/INFO]: Unknown or incomplete command. See below for error
[00:54:07] [Server thread/INFO]: sau asd<--[HERE]
[00:54:09] [Server thread/INFO]: [Not Secure] [Server] asd
[00:54:14] [Server thread/INFO]: [Not Secure] <UPFUTX_300> es hroa de apagar oa
[00:54:21] [Server thread/INFO]: [Not Secure] <UPFUTX_300> no puedo mantener mas el sever ensendido
[00:54:21] [Server thread/INFO]: [Not Secure] <hoa_xd> weno
[00:54:22] [Server thread/INFO]: UPFUTX_300 lost connection: Disconnected
[00:54:22] [Server thread/INFO]: UPFUTX_300 left the game
[00:54:29] [Server thread/INFO]: Stopping the server
[00:54:29] [Server thread/INFO]: Stopping server
[00:54:29] [Server thread/INFO]: Saving players
[00:54:29] [Server thread/INFO]: hoa_xd lost connection: Server closed
[00:54:29] [Server thread/INFO]: hoa_xd left the game
[00:54:29] [Server thread/INFO]: Saving worlds
[00:54:29] [Server thread/INFO]: Saving chunks for level 'ServerLevel[world]'/minecraft:overworld
[00:54:29] [Server thread/INFO]: Saving chunks for level 'ServerLevel[world]'/minecraft:the_end
[00:54:29] [Server thread/INFO]: Saving chunks for level 'ServerLevel[world]'/minecraft:the_nether
[00:54:29] [Server thread/INFO]: ThreadedAnvilChunkStorage (world): All chunks are saved
[00:54:29] [Server thread/INFO]: ThreadedAnvilChunkStorage (DIM1): All chunks are saved
[00:54:29] [Server thread/INFO]: ThreadedAnvilChunkStorage (DIM-1): All chunks are saved
[00:54:29] [Server thread/INFO]: ThreadedAnvilChunkStorage: All dimensions are saved
